<?xml version="1.0" encoding="UTF-8"?>
<testsuite name="conduit.FilterTag" tests="1" skipped="0" failures="0" errors="0" timestamp="2021-05-27T19:37:26" hostname="DESKTOP-2NLQ995" time="105.573">
  <properties/>
  <testcase name="filterByTag" classname="conduit.FilterTag" time="105.573"/>
  <system-out><![CDATA[]]></system-out>
  <system-err><![CDATA[Starting ChromeDriver 91.0.4472.19 (1bf021f248676a0b2ab3ee0561d83a59e424c23e-refs/branch-heads/4472@{#288}) on port 9796
Only local connections are allowed.
Please see https://chromedriver.chromium.org/security-considerations for suggestions on keeping ChromeDriver safe.
ChromeDriver was started successfully.
мая 27, 2021 10:36:58 PM org.openqa.selenium.remote.ProtocolHandshake createSession
INFO: Detected dialect: W3C
]]></system-err>
</testsuite>
